#-----------------------------------------------------------
# Vivado v2019.2 (64-bit)
# SW Build 2708876 on Wed Nov  6 21:40:23 MST 2019
# IP Build 2700528 on Thu Nov  7 00:09:20 MST 2019
# Start of session at: Tue Apr  7 11:20:36 2020
# Process ID: 16432
# Current directory: C:/Users/Thobi/CloudStation/Thobias/UNI/4.Semester/Digital_Porgrammerbar_Elektronik/vivado/Projekt_4_Basys3
# Command line: vivado.exe -gui_launcher_event rodinguilauncherevent19040 C:\Users\Thobi\CloudStation\Thobias\UNI\4.Semester\Digital_Porgrammerbar_Elektronik\vivado\Projekt_4_Basys3\Projekt_4_Basys3.xpr
# Log file: C:/Users/Thobi/CloudStation/Thobias/UNI/4.Semester/Digital_Porgrammerbar_Elektronik/vivado/Projekt_4_Basys3/vivado.log
# Journal file: C:/Users/Thobi/CloudStation/Thobias/UNI/4.Semester/Digital_Porgrammerbar_Elektronik/vivado/Projekt_4_Basys3\vivado.jou
#-----------------------------------------------------------
start_gui
open_project C:/Users/Thobi/CloudStation/Thobias/UNI/4.Semester/Digital_Porgrammerbar_Elektronik/vivado/Projekt_4_Basys3/Projekt_4_Basys3.xpr
INFO: [ProjectBase 1-489] The host OS only allows 260 characters in a normal path. The project is stored in a path with more than 80 characters. If you experience issues with IP, Block Designs, or files not being found, please consider moving the project to a location with a shorter path. Alternately consider using the OS subst command to map part of the path to a drive letter.
Current project path is 'C:/Users/Thobi/CloudStation/Thobias/UNI/4.Semester/Digital_Porgrammerbar_Elektronik/vivado/Projekt_4_Basys3'
Scanning sources...
Finished scanning sources
INFO: [IP_Flow 19-234] Refreshing IP repositories
INFO: [IP_Flow 19-1704] No user IP repositories specified
INFO: [IP_Flow 19-2313] Loaded Vivado IP repository 'C:/Xilinx/Vivado/2019.2/data/ip'.
open_project: Time (s): cpu = 00:00:37 ; elapsed = 00:00:15 . Memory (MB): peak = 754.246 ; gain = 117.465
exit
INFO: [Common 17-206] Exiting Vivado at Tue Apr  7 11:24:47 2020...
