
*** Running vivado
    with args -log STANDARD_TOPLEVEL.vds -m64 -product Vivado -mode batch -messageDb vivado.pb -notrace -source STANDARD_TOPLEVEL.tcl


****** Vivado v2019.2 (64-bit)
  **** SW Build 2708876 on Wed Nov  6 21:40:23 MST 2019
  **** IP Build 2700528 on Thu Nov  7 00:09:20 MST 2019
    ** Copyright 1986-2019 Xilinx, Inc. All Rights Reserved.

source STANDARD_TOPLEVEL.tcl -notrace
Command: synth_design -top STANDARD_TOPLEVEL -part xc7a35tcpg236-1
Starting synth_design
Attempting to get a license for feature 'Synthesis' and/or device 'xc7a35t'
INFO: [Common 17-349] Got license for feature 'Synthesis' and/or device 'xc7a35t'
INFO: [Device 21-403] Loading part xc7a35tcpg236-1
INFO: Launching helper process for spawning children vivado processes
INFO: Helper process launched with PID 17284 
---------------------------------------------------------------------------------
Starting RTL Elaboration : Time (s): cpu = 00:00:12 ; elapsed = 00:00:13 . Memory (MB): peak = 835.297 ; gain = 233.770
---------------------------------------------------------------------------------
INFO: [Synth 8-638] synthesizing module 'STANDARD_TOPLEVEL' [C:/Users/Thobi/CloudStation/Thobias/UNI/4.Semester/Digital_Porgrammerbar_Elektronik/vivado/Projekt_4_Basys3/Projekt_4_Basys3.srcs/sources_1/imports/new/STANDARD_TOPLEVEL.vhd:70]
	Parameter SPI_data_length bound to: 16 - type: integer 
	Parameter PWM_resolution bound to: 8 - type: integer 
	Parameter Hall_Counter_size bound to: 11 - type: integer 
INFO: [Synth 8-3491] module 'slave' declared at 'C:/Users/Thobi/CloudStation/Thobias/UNI/4.Semester/Digital_Porgrammerbar_Elektronik/vivado/Projekt_4_Basys3/Projekt_4_Basys3.srcs/sources_1/new/slave.vhd:36' bound to instance 'SPI_SL' of component 'slave' [C:/Users/Thobi/CloudStation/Thobias/UNI/4.Semester/Digital_Porgrammerbar_Elektronik/vivado/Projekt_4_Basys3/Projekt_4_Basys3.srcs/sources_1/imports/new/STANDARD_TOPLEVEL.vhd:139]
INFO: [Synth 8-638] synthesizing module 'slave' [C:/Users/Thobi/CloudStation/Thobias/UNI/4.Semester/Digital_Porgrammerbar_Elektronik/vivado/Projekt_4_Basys3/Projekt_4_Basys3.srcs/sources_1/new/slave.vhd:47]
	Parameter data_length bound to: 16 - type: integer 
INFO: [Synth 8-256] done synthesizing module 'slave' (1#1) [C:/Users/Thobi/CloudStation/Thobias/UNI/4.Semester/Digital_Porgrammerbar_Elektronik/vivado/Projekt_4_Basys3/Projekt_4_Basys3.srcs/sources_1/new/slave.vhd:47]
WARNING: [Synth 8-5640] Port 'cnt_test' is missing in component declaration [C:/Users/Thobi/CloudStation/Thobias/UNI/4.Semester/Digital_Porgrammerbar_Elektronik/vivado/Projekt_4_Basys3/Projekt_4_Basys3.srcs/sources_1/imports/new/STANDARD_TOPLEVEL.vhd:84]
INFO: [Synth 8-3491] module 'PWM_Module' declared at 'C:/Users/Thobi/CloudStation/Thobias/UNI/4.Semester/Digital_Porgrammerbar_Elektronik/vivado/Projekt_4_Basys3/Projekt_4_Basys3.srcs/sources_1/new/PWM_Module.vhd:27' bound to instance 'PWM_ControllerA' of component 'PWM_Module' [C:/Users/Thobi/CloudStation/Thobias/UNI/4.Semester/Digital_Porgrammerbar_Elektronik/vivado/Projekt_4_Basys3/Projekt_4_Basys3.srcs/sources_1/imports/new/STANDARD_TOPLEVEL.vhd:148]
INFO: [Synth 8-638] synthesizing module 'PWM_Module' [C:/Users/Thobi/CloudStation/Thobias/UNI/4.Semester/Digital_Porgrammerbar_Elektronik/vivado/Projekt_4_Basys3/Projekt_4_Basys3.srcs/sources_1/new/PWM_Module.vhd:44]
	Parameter resolution bound to: 8 - type: integer 
	Parameter clk_resolution bound to: 4 - type: integer 
	Parameter clk_divider bound to: 4'b1000 
	Parameter clk_div_reset bound to: 4'b0000 
	Parameter cnt_reset bound to: 8'b00000000 
INFO: [Synth 8-256] done synthesizing module 'PWM_Module' (2#1) [C:/Users/Thobi/CloudStation/Thobias/UNI/4.Semester/Digital_Porgrammerbar_Elektronik/vivado/Projekt_4_Basys3/Projekt_4_Basys3.srcs/sources_1/new/PWM_Module.vhd:44]
WARNING: [Synth 8-5640] Port 'cnt_test' is missing in component declaration [C:/Users/Thobi/CloudStation/Thobias/UNI/4.Semester/Digital_Porgrammerbar_Elektronik/vivado/Projekt_4_Basys3/Projekt_4_Basys3.srcs/sources_1/imports/new/STANDARD_TOPLEVEL.vhd:84]
INFO: [Synth 8-3491] module 'PWM_Module' declared at 'C:/Users/Thobi/CloudStation/Thobias/UNI/4.Semester/Digital_Porgrammerbar_Elektronik/vivado/Projekt_4_Basys3/Projekt_4_Basys3.srcs/sources_1/new/PWM_Module.vhd:27' bound to instance 'PWM_ControllerB' of component 'PWM_Module' [C:/Users/Thobi/CloudStation/Thobias/UNI/4.Semester/Digital_Porgrammerbar_Elektronik/vivado/Projekt_4_Basys3/Projekt_4_Basys3.srcs/sources_1/imports/new/STANDARD_TOPLEVEL.vhd:154]
INFO: [Synth 8-3491] module 'Hall_Modul' declared at 'C:/Users/Thobi/CloudStation/Thobias/UNI/4.Semester/Digital_Porgrammerbar_Elektronik/vivado/Projekt_4_Basys3/Projekt_4_Basys3.srcs/sources_1/new/Hall_Modul.vhd:36' bound to instance 'MotorEncoder1' of component 'Hall_Modul' [C:/Users/Thobi/CloudStation/Thobias/UNI/4.Semester/Digital_Porgrammerbar_Elektronik/vivado/Projekt_4_Basys3/Projekt_4_Basys3.srcs/sources_1/imports/new/STANDARD_TOPLEVEL.vhd:160]
INFO: [Synth 8-638] synthesizing module 'Hall_Modul' [C:/Users/Thobi/CloudStation/Thobias/UNI/4.Semester/Digital_Porgrammerbar_Elektronik/vivado/Projekt_4_Basys3/Projekt_4_Basys3.srcs/sources_1/new/Hall_Modul.vhd:56]
	Parameter Counter_size bound to: 11 - type: integer 
WARNING: [Synth 8-614] signal 'A_in' is read in the process but is not in the sensitivity list [C:/Users/Thobi/CloudStation/Thobias/UNI/4.Semester/Digital_Porgrammerbar_Elektronik/vivado/Projekt_4_Basys3/Projekt_4_Basys3.srcs/sources_1/new/Hall_Modul.vhd:84]
WARNING: [Synth 8-614] signal 'Chan_A' is read in the process but is not in the sensitivity list [C:/Users/Thobi/CloudStation/Thobias/UNI/4.Semester/Digital_Porgrammerbar_Elektronik/vivado/Projekt_4_Basys3/Projekt_4_Basys3.srcs/sources_1/new/Hall_Modul.vhd:84]
WARNING: [Synth 8-614] signal 'B_in' is read in the process but is not in the sensitivity list [C:/Users/Thobi/CloudStation/Thobias/UNI/4.Semester/Digital_Porgrammerbar_Elektronik/vivado/Projekt_4_Basys3/Projekt_4_Basys3.srcs/sources_1/new/Hall_Modul.vhd:84]
WARNING: [Synth 8-614] signal 'Chan_B' is read in the process but is not in the sensitivity list [C:/Users/Thobi/CloudStation/Thobias/UNI/4.Semester/Digital_Porgrammerbar_Elektronik/vivado/Projekt_4_Basys3/Projekt_4_Basys3.srcs/sources_1/new/Hall_Modul.vhd:84]
WARNING: [Synth 8-614] signal 'data_def' is read in the process but is not in the sensitivity list [C:/Users/Thobi/CloudStation/Thobias/UNI/4.Semester/Digital_Porgrammerbar_Elektronik/vivado/Projekt_4_Basys3/Projekt_4_Basys3.srcs/sources_1/new/Hall_Modul.vhd:84]
WARNING: [Synth 8-614] signal 'A_curr' is read in the process but is not in the sensitivity list [C:/Users/Thobi/CloudStation/Thobias/UNI/4.Semester/Digital_Porgrammerbar_Elektronik/vivado/Projekt_4_Basys3/Projekt_4_Basys3.srcs/sources_1/new/Hall_Modul.vhd:84]
WARNING: [Synth 8-614] signal 'B_curr' is read in the process but is not in the sensitivity list [C:/Users/Thobi/CloudStation/Thobias/UNI/4.Semester/Digital_Porgrammerbar_Elektronik/vivado/Projekt_4_Basys3/Projekt_4_Basys3.srcs/sources_1/new/Hall_Modul.vhd:84]
WARNING: [Synth 8-614] signal 'counter' is read in the process but is not in the sensitivity list [C:/Users/Thobi/CloudStation/Thobias/UNI/4.Semester/Digital_Porgrammerbar_Elektronik/vivado/Projekt_4_Basys3/Projekt_4_Basys3.srcs/sources_1/new/Hall_Modul.vhd:84]
INFO: [Synth 8-256] done synthesizing module 'Hall_Modul' (3#1) [C:/Users/Thobi/CloudStation/Thobias/UNI/4.Semester/Digital_Porgrammerbar_Elektronik/vivado/Projekt_4_Basys3/Projekt_4_Basys3.srcs/sources_1/new/Hall_Modul.vhd:56]
INFO: [Synth 8-3491] module 'Hall_Modul' declared at 'C:/Users/Thobi/CloudStation/Thobias/UNI/4.Semester/Digital_Porgrammerbar_Elektronik/vivado/Projekt_4_Basys3/Projekt_4_Basys3.srcs/sources_1/new/Hall_Modul.vhd:36' bound to instance 'MotorEncoder2' of component 'Hall_Modul' [C:/Users/Thobi/CloudStation/Thobias/UNI/4.Semester/Digital_Porgrammerbar_Elektronik/vivado/Projekt_4_Basys3/Projekt_4_Basys3.srcs/sources_1/imports/new/STANDARD_TOPLEVEL.vhd:178]
INFO: [Synth 8-3491] module 'H_bridge' declared at 'C:/Users/Thobi/CloudStation/Thobias/UNI/4.Semester/Digital_Porgrammerbar_Elektronik/vivado/Projekt_4_Basys3/Projekt_4_Basys3.srcs/sources_1/new/H_bridge.vhd:34' bound to instance 'Motor1' of component 'H_Bridge' [C:/Users/Thobi/CloudStation/Thobias/UNI/4.Semester/Digital_Porgrammerbar_Elektronik/vivado/Projekt_4_Basys3/Projekt_4_Basys3.srcs/sources_1/imports/new/STANDARD_TOPLEVEL.vhd:194]
INFO: [Synth 8-638] synthesizing module 'H_bridge' [C:/Users/Thobi/CloudStation/Thobias/UNI/4.Semester/Digital_Porgrammerbar_Elektronik/vivado/Projekt_4_Basys3/Projekt_4_Basys3.srcs/sources_1/new/H_bridge.vhd:44]
INFO: [Synth 8-256] done synthesizing module 'H_bridge' (4#1) [C:/Users/Thobi/CloudStation/Thobias/UNI/4.Semester/Digital_Porgrammerbar_Elektronik/vivado/Projekt_4_Basys3/Projekt_4_Basys3.srcs/sources_1/new/H_bridge.vhd:44]
INFO: [Synth 8-3491] module 'H_bridge' declared at 'C:/Users/Thobi/CloudStation/Thobias/UNI/4.Semester/Digital_Porgrammerbar_Elektronik/vivado/Projekt_4_Basys3/Projekt_4_Basys3.srcs/sources_1/new/H_bridge.vhd:34' bound to instance 'Motor2' of component 'H_Bridge' [C:/Users/Thobi/CloudStation/Thobias/UNI/4.Semester/Digital_Porgrammerbar_Elektronik/vivado/Projekt_4_Basys3/Projekt_4_Basys3.srcs/sources_1/imports/new/STANDARD_TOPLEVEL.vhd:203]
WARNING: [Synth 8-614] signal 'Data_Rec_Queue' is read in the process but is not in the sensitivity list [C:/Users/Thobi/CloudStation/Thobias/UNI/4.Semester/Digital_Porgrammerbar_Elektronik/vivado/Projekt_4_Basys3/Projekt_4_Basys3.srcs/sources_1/imports/new/STANDARD_TOPLEVEL.vhd:212]
WARNING: [Synth 8-614] signal 'HALL0' is read in the process but is not in the sensitivity list [C:/Users/Thobi/CloudStation/Thobias/UNI/4.Semester/Digital_Porgrammerbar_Elektronik/vivado/Projekt_4_Basys3/Projekt_4_Basys3.srcs/sources_1/imports/new/STANDARD_TOPLEVEL.vhd:212]
WARNING: [Synth 8-614] signal 'motor2_out' is read in the process but is not in the sensitivity list [C:/Users/Thobi/CloudStation/Thobias/UNI/4.Semester/Digital_Porgrammerbar_Elektronik/vivado/Projekt_4_Basys3/Projekt_4_Basys3.srcs/sources_1/imports/new/STANDARD_TOPLEVEL.vhd:212]
WARNING: [Synth 8-614] signal 'HALL1' is read in the process but is not in the sensitivity list [C:/Users/Thobi/CloudStation/Thobias/UNI/4.Semester/Digital_Porgrammerbar_Elektronik/vivado/Projekt_4_Basys3/Projekt_4_Basys3.srcs/sources_1/imports/new/STANDARD_TOPLEVEL.vhd:212]
WARNING: [Synth 8-614] signal 'motor1_out' is read in the process but is not in the sensitivity list [C:/Users/Thobi/CloudStation/Thobias/UNI/4.Semester/Digital_Porgrammerbar_Elektronik/vivado/Projekt_4_Basys3/Projekt_4_Basys3.srcs/sources_1/imports/new/STANDARD_TOPLEVEL.vhd:212]
INFO: [Synth 8-256] done synthesizing module 'STANDARD_TOPLEVEL' (5#1) [C:/Users/Thobi/CloudStation/Thobias/UNI/4.Semester/Digital_Porgrammerbar_Elektronik/vivado/Projekt_4_Basys3/Projekt_4_Basys3.srcs/sources_1/imports/new/STANDARD_TOPLEVEL.vhd:70]
WARNING: [Synth 8-3331] design Hall_Modul has unconnected port clk
---------------------------------------------------------------------------------
Finished RTL Elaboration : Time (s): cpu = 00:00:15 ; elapsed = 00:00:16 . Memory (MB): peak = 907.695 ; gain = 306.168
---------------------------------------------------------------------------------

Report Check Netlist: 
+------+------------------+-------+---------+-------+------------------+
|      |Item              |Errors |Warnings |Status |Description       |
+------+------------------+-------+---------+-------+------------------+
|1     |multi_driven_nets |      0|        0|Passed |Multi driven nets |
+------+------------------+-------+---------+-------+------------------+
---------------------------------------------------------------------------------
Start Handling Custom Attributes
---------------------------------------------------------------------------------
---------------------------------------------------------------------------------
Finished Handling Custom Attributes : Time (s): cpu = 00:00:16 ; elapsed = 00:00:17 . Memory (MB): peak = 907.695 ; gain = 306.168
---------------------------------------------------------------------------------
---------------------------------------------------------------------------------
Finished RTL Optimization Phase 1 : Time (s): cpu = 00:00:16 ; elapsed = 00:00:17 . Memory (MB): peak = 907.695 ; gain = 306.168
---------------------------------------------------------------------------------
Netlist sorting complete. Time (s): cpu = 00:00:00 ; elapsed = 00:00:00.004 . Memory (MB): peak = 907.695 ; gain = 0.000
INFO: [Project 1-570] Preparing netlist for logic optimization

Processing XDC Constraints
Initializing timing engine
Parsing XDC File [C:/Users/Thobi/CloudStation/Thobias/UNI/4.Semester/Digital_Porgrammerbar_Elektronik/vivado/Projekt_4_Basys3/Projekt_4_Basys3.srcs/constrs_1/imports/vivado/Basys3_Master.xdc]
WARNING: [Vivado 12-507] No nets matched 'vauxp6_IBUF'. [C:/Users/Thobi/CloudStation/Thobias/UNI/4.Semester/Digital_Porgrammerbar_Elektronik/vivado/Projekt_4_Basys3/Projekt_4_Basys3.srcs/constrs_1/imports/vivado/Basys3_Master.xdc:11]
CRITICAL WARNING: [Common 17-55] 'set_property' expects at least one object. [C:/Users/Thobi/CloudStation/Thobias/UNI/4.Semester/Digital_Porgrammerbar_Elektronik/vivado/Projekt_4_Basys3/Projekt_4_Basys3.srcs/constrs_1/imports/vivado/Basys3_Master.xdc:11]
Resolution: If [get_<value>] was used to populate the object, check to make sure this command returns at least one valid object.
WARNING: [Vivado 12-507] No nets matched 'vauxp14_IBUF'. [C:/Users/Thobi/CloudStation/Thobias/UNI/4.Semester/Digital_Porgrammerbar_Elektronik/vivado/Projekt_4_Basys3/Projekt_4_Basys3.srcs/constrs_1/imports/vivado/Basys3_Master.xdc:13]
CRITICAL WARNING: [Common 17-55] 'set_property' expects at least one object. [C:/Users/Thobi/CloudStation/Thobias/UNI/4.Semester/Digital_Porgrammerbar_Elektronik/vivado/Projekt_4_Basys3/Projekt_4_Basys3.srcs/constrs_1/imports/vivado/Basys3_Master.xdc:13]
Resolution: If [get_<value>] was used to populate the object, check to make sure this command returns at least one valid object.
WARNING: [Vivado 12-507] No nets matched 'vauxp15_TRI'. [C:/Users/Thobi/CloudStation/Thobias/UNI/4.Semester/Digital_Porgrammerbar_Elektronik/vivado/Projekt_4_Basys3/Projekt_4_Basys3.srcs/constrs_1/imports/vivado/Basys3_Master.xdc:15]
CRITICAL WARNING: [Common 17-55] 'set_property' expects at least one object. [C:/Users/Thobi/CloudStation/Thobias/UNI/4.Semester/Digital_Porgrammerbar_Elektronik/vivado/Projekt_4_Basys3/Projekt_4_Basys3.srcs/constrs_1/imports/vivado/Basys3_Master.xdc:15]
Resolution: If [get_<value>] was used to populate the object, check to make sure this command returns at least one valid object.
WARNING: [Vivado 12-584] No ports matched 'vauxn6'. [C:/Users/Thobi/CloudStation/Thobias/UNI/4.Semester/Digital_Porgrammerbar_Elektronik/vivado/Projekt_4_Basys3/Projekt_4_Basys3.srcs/constrs_1/imports/vivado/Basys3_Master.xdc:146]
CRITICAL WARNING: [Common 17-55] 'set_property' expects at least one object. [C:/Users/Thobi/CloudStation/Thobias/UNI/4.Semester/Digital_Porgrammerbar_Elektronik/vivado/Projekt_4_Basys3/Projekt_4_Basys3.srcs/constrs_1/imports/vivado/Basys3_Master.xdc:146]
Resolution: If [get_<value>] was used to populate the object, check to make sure this command returns at least one valid object.
WARNING: [Vivado 12-584] No ports matched 'vauxn14'. [C:/Users/Thobi/CloudStation/Thobias/UNI/4.Semester/Digital_Porgrammerbar_Elektronik/vivado/Projekt_4_Basys3/Projekt_4_Basys3.srcs/constrs_1/imports/vivado/Basys3_Master.xdc:147]
CRITICAL WARNING: [Common 17-55] 'set_property' expects at least one object. [C:/Users/Thobi/CloudStation/Thobias/UNI/4.Semester/Digital_Porgrammerbar_Elektronik/vivado/Projekt_4_Basys3/Projekt_4_Basys3.srcs/constrs_1/imports/vivado/Basys3_Master.xdc:147]
Resolution: If [get_<value>] was used to populate the object, check to make sure this command returns at least one valid object.
WARNING: [Vivado 12-584] No ports matched 'vauxn7'. [C:/Users/Thobi/CloudStation/Thobias/UNI/4.Semester/Digital_Porgrammerbar_Elektronik/vivado/Projekt_4_Basys3/Projekt_4_Basys3.srcs/constrs_1/imports/vivado/Basys3_Master.xdc:148]
CRITICAL WARNING: [Common 17-55] 'set_property' expects at least one object. [C:/Users/Thobi/CloudStation/Thobias/UNI/4.Semester/Digital_Porgrammerbar_Elektronik/vivado/Projekt_4_Basys3/Projekt_4_Basys3.srcs/constrs_1/imports/vivado/Basys3_Master.xdc:148]
Resolution: If [get_<value>] was used to populate the object, check to make sure this command returns at least one valid object.
WARNING: [Vivado 12-584] No ports matched 'vauxn15'. [C:/Users/Thobi/CloudStation/Thobias/UNI/4.Semester/Digital_Porgrammerbar_Elektronik/vivado/Projekt_4_Basys3/Projekt_4_Basys3.srcs/constrs_1/imports/vivado/Basys3_Master.xdc:149]
CRITICAL WARNING: [Common 17-55] 'set_property' expects at least one object. [C:/Users/Thobi/CloudStation/Thobias/UNI/4.Semester/Digital_Porgrammerbar_Elektronik/vivado/Projekt_4_Basys3/Projekt_4_Basys3.srcs/constrs_1/imports/vivado/Basys3_Master.xdc:149]
Resolution: If [get_<value>] was used to populate the object, check to make sure this command returns at least one valid object.
Finished Parsing XDC File [C:/Users/Thobi/CloudStation/Thobias/UNI/4.Semester/Digital_Porgrammerbar_Elektronik/vivado/Projekt_4_Basys3/Projekt_4_Basys3.srcs/constrs_1/imports/vivado/Basys3_Master.xdc]
INFO: [Project 1-236] Implementation specific constraints were found while reading constraint file [C:/Users/Thobi/CloudStation/Thobias/UNI/4.Semester/Digital_Porgrammerbar_Elektronik/vivado/Projekt_4_Basys3/Projekt_4_Basys3.srcs/constrs_1/imports/vivado/Basys3_Master.xdc]. These constraints will be ignored for synthesis but will be used in implementation. Impacted constraints are listed in the file [.Xil/STANDARD_TOPLEVEL_propImpl.xdc].
Resolution: To avoid this warning, move constraints listed in [.Xil/STANDARD_TOPLEVEL_propImpl.xdc] to another XDC file and exclude this new file from synthesis with the used_in_synthesis property (File Properties dialog in GUI) and re-run elaboration/synthesis.
Completed Processing XDC Constraints

Netlist sorting complete. Time (s): cpu = 00:00:00 ; elapsed = 00:00:00 . Memory (MB): peak = 1008.551 ; gain = 0.000
INFO: [Project 1-111] Unisim Transformation Summary:
No Unisim elements were transformed.

Constraint Validation Runtime : Time (s): cpu = 00:00:00 ; elapsed = 00:00:00.012 . Memory (MB): peak = 1008.551 ; gain = 0.000
---------------------------------------------------------------------------------
Finished Constraint Validation : Time (s): cpu = 00:00:26 ; elapsed = 00:00:27 . Memory (MB): peak = 1008.551 ; gain = 407.023
---------------------------------------------------------------------------------
---------------------------------------------------------------------------------
Start Loading Part and Timing Information
---------------------------------------------------------------------------------
Loading part: xc7a35tcpg236-1
---------------------------------------------------------------------------------
Finished Loading Part and Timing Information : Time (s): cpu = 00:00:26 ; elapsed = 00:00:27 . Memory (MB): peak = 1008.551 ; gain = 407.023
---------------------------------------------------------------------------------
---------------------------------------------------------------------------------
Start Applying 'set_property' XDC Constraints
---------------------------------------------------------------------------------
---------------------------------------------------------------------------------
Finished applying 'set_property' XDC Constraints : Time (s): cpu = 00:00:26 ; elapsed = 00:00:27 . Memory (MB): peak = 1008.551 ; gain = 407.023
---------------------------------------------------------------------------------
INFO: [Synth 8-5818] HDL ADVISOR - The operator resource <adder> is shared. To prevent sharing consider applying a KEEP on the output of the operator [C:/Users/Thobi/CloudStation/Thobias/UNI/4.Semester/Digital_Porgrammerbar_Elektronik/vivado/Projekt_4_Basys3/Projekt_4_Basys3.srcs/sources_1/new/PWM_Module.vhd:57]
WARNING: [Synth 8-327] inferring latch for variable 'counter_reg' [C:/Users/Thobi/CloudStation/Thobias/UNI/4.Semester/Digital_Porgrammerbar_Elektronik/vivado/Projekt_4_Basys3/Projekt_4_Basys3.srcs/sources_1/new/Hall_Modul.vhd:73]
WARNING: [Synth 8-327] inferring latch for variable 'direction_reg' [C:/Users/Thobi/CloudStation/Thobias/UNI/4.Semester/Digital_Porgrammerbar_Elektronik/vivado/Projekt_4_Basys3/Projekt_4_Basys3.srcs/sources_1/new/Hall_Modul.vhd:75]
WARNING: [Synth 8-327] inferring latch for variable 'A_prev_reg' [C:/Users/Thobi/CloudStation/Thobias/UNI/4.Semester/Digital_Porgrammerbar_Elektronik/vivado/Projekt_4_Basys3/Projekt_4_Basys3.srcs/sources_1/new/Hall_Modul.vhd:76]
WARNING: [Synth 8-327] inferring latch for variable 'B_prev_reg' [C:/Users/Thobi/CloudStation/Thobias/UNI/4.Semester/Digital_Porgrammerbar_Elektronik/vivado/Projekt_4_Basys3/Projekt_4_Basys3.srcs/sources_1/new/Hall_Modul.vhd:77]
WARNING: [Synth 8-327] inferring latch for variable 'data_def_reg' [C:/Users/Thobi/CloudStation/Thobias/UNI/4.Semester/Digital_Porgrammerbar_Elektronik/vivado/Projekt_4_Basys3/Projekt_4_Basys3.srcs/sources_1/new/Hall_Modul.vhd:93]
WARNING: [Synth 8-327] inferring latch for variable 'enableA_reg' [C:/Users/Thobi/CloudStation/Thobias/UNI/4.Semester/Digital_Porgrammerbar_Elektronik/vivado/Projekt_4_Basys3/Projekt_4_Basys3.srcs/sources_1/imports/new/STANDARD_TOPLEVEL.vhd:195]
WARNING: [Synth 8-327] inferring latch for variable 'dirA_reg' [C:/Users/Thobi/CloudStation/Thobias/UNI/4.Semester/Digital_Porgrammerbar_Elektronik/vivado/Projekt_4_Basys3/Projekt_4_Basys3.srcs/sources_1/imports/new/STANDARD_TOPLEVEL.vhd:199]
WARNING: [Synth 8-327] inferring latch for variable 'enableB_reg' [C:/Users/Thobi/CloudStation/Thobias/UNI/4.Semester/Digital_Porgrammerbar_Elektronik/vivado/Projekt_4_Basys3/Projekt_4_Basys3.srcs/sources_1/imports/new/STANDARD_TOPLEVEL.vhd:204]
WARNING: [Synth 8-327] inferring latch for variable 'dirB_reg' [C:/Users/Thobi/CloudStation/Thobias/UNI/4.Semester/Digital_Porgrammerbar_Elektronik/vivado/Projekt_4_Basys3/Projekt_4_Basys3.srcs/sources_1/imports/new/STANDARD_TOPLEVEL.vhd:208]
WARNING: [Synth 8-327] inferring latch for variable 'PWM_dutyCycleA_reg' [C:/Users/Thobi/CloudStation/Thobias/UNI/4.Semester/Digital_Porgrammerbar_Elektronik/vivado/Projekt_4_Basys3/Projekt_4_Basys3.srcs/sources_1/imports/new/STANDARD_TOPLEVEL.vhd:150]
WARNING: [Synth 8-327] inferring latch for variable 'PWM_dutyCycleB_reg' [C:/Users/Thobi/CloudStation/Thobias/UNI/4.Semester/Digital_Porgrammerbar_Elektronik/vivado/Projekt_4_Basys3/Projekt_4_Basys3.srcs/sources_1/imports/new/STANDARD_TOPLEVEL.vhd:156]
---------------------------------------------------------------------------------
Finished RTL Optimization Phase 2 : Time (s): cpu = 00:00:27 ; elapsed = 00:00:28 . Memory (MB): peak = 1008.551 ; gain = 407.023
---------------------------------------------------------------------------------

Report RTL Partitions: 
+-+--------------+------------+----------+
| |RTL Partition |Replication |Instances |
+-+--------------+------------+----------+
+-+--------------+------------+----------+
---------------------------------------------------------------------------------
Start RTL Component Statistics 
---------------------------------------------------------------------------------
Detailed RTL Component Info : 
+---Adders : 
	   2 Input     11 Bit       Adders := 4     
	   2 Input      8 Bit       Adders := 2     
	   2 Input      4 Bit       Adders := 3     
+---XORs : 
	   2 Input      1 Bit         XORs := 2     
+---Registers : 
	               16 Bit    Registers := 3     
	                8 Bit    Registers := 2     
	                4 Bit    Registers := 3     
	                1 Bit    Registers := 4     
+---Muxes : 
	   2 Input     16 Bit        Muxes := 1     
	   2 Input     13 Bit        Muxes := 1     
	   2 Input     11 Bit        Muxes := 6     
	   2 Input      4 Bit        Muxes := 1     
	   2 Input      2 Bit        Muxes := 2     
	   2 Input      1 Bit        Muxes := 10    
---------------------------------------------------------------------------------
Finished RTL Component Statistics 
---------------------------------------------------------------------------------
---------------------------------------------------------------------------------
Start RTL Hierarchical Component Statistics 
---------------------------------------------------------------------------------
Hierarchical RTL Component report 
Module STANDARD_TOPLEVEL 
Detailed RTL Component Info : 
+---Muxes : 
	   2 Input     13 Bit        Muxes := 1     
Module slave 
Detailed RTL Component Info : 
+---Adders : 
	   2 Input      4 Bit       Adders := 1     
+---Registers : 
	               16 Bit    Registers := 3     
	                4 Bit    Registers := 1     
+---Muxes : 
	   2 Input     16 Bit        Muxes := 1     
	   2 Input      4 Bit        Muxes := 1     
Module PWM_Module 
Detailed RTL Component Info : 
+---Adders : 
	   2 Input      8 Bit       Adders := 1     
	   2 Input      4 Bit       Adders := 1     
+---Registers : 
	                8 Bit    Registers := 1     
	                4 Bit    Registers := 1     
	                1 Bit    Registers := 2     
+---Muxes : 
	   2 Input      2 Bit        Muxes := 1     
Module Hall_Modul 
Detailed RTL Component Info : 
+---Adders : 
	   2 Input     11 Bit       Adders := 2     
+---XORs : 
	   2 Input      1 Bit         XORs := 1     
+---Muxes : 
	   2 Input     11 Bit        Muxes := 3     
	   2 Input      1 Bit        Muxes := 4     
Module H_bridge 
Detailed RTL Component Info : 
+---Muxes : 
	   2 Input      1 Bit        Muxes := 1     
---------------------------------------------------------------------------------
Finished RTL Hierarchical Component Statistics
---------------------------------------------------------------------------------
---------------------------------------------------------------------------------
Start Part Resource Summary
---------------------------------------------------------------------------------
Part Resources:
DSPs: 90 (col length:60)
BRAMs: 100 (col length: RAMB18 60 RAMB36 30)
---------------------------------------------------------------------------------
Finished Part Resource Summary
---------------------------------------------------------------------------------
---------------------------------------------------------------------------------
Start Cross Boundary and Area Optimization
---------------------------------------------------------------------------------
Warning: Parallel synthesis criteria is not met 
WARNING: [Synth 8-3936] Found unconnected internal register 'SPI_SL/Data_Rec_Buf_reg' and it is trimmed from '16' to '11' bits. [C:/Users/Thobi/CloudStation/Thobias/UNI/4.Semester/Digital_Porgrammerbar_Elektronik/vivado/Projekt_4_Basys3/Projekt_4_Basys3.srcs/sources_1/new/slave.vhd:62]
WARNING: [Synth 8-264] enable of latch \MotorEncoder2/counter_reg[10]  is always disabled
WARNING: [Synth 8-264] enable of latch \MotorEncoder2/counter_reg[10]  is always disabled
WARNING: [Synth 8-264] enable of latch \MotorEncoder1/counter_reg[10]  is always disabled
WARNING: [Synth 8-264] enable of latch \MotorEncoder1/counter_reg[10]  is always disabled
WARNING: [Synth 8-264] enable of latch \MotorEncoder2/counter_reg[9]  is always disabled
WARNING: [Synth 8-264] enable of latch \MotorEncoder2/counter_reg[9]  is always disabled
WARNING: [Synth 8-264] enable of latch \MotorEncoder1/counter_reg[9]  is always disabled
WARNING: [Synth 8-264] enable of latch \MotorEncoder1/counter_reg[9]  is always disabled
WARNING: [Synth 8-264] enable of latch \MotorEncoder2/counter_reg[8]  is always disabled
WARNING: [Synth 8-264] enable of latch \MotorEncoder2/counter_reg[8]  is always disabled
WARNING: [Synth 8-264] enable of latch \MotorEncoder1/counter_reg[8]  is always disabled
WARNING: [Synth 8-264] enable of latch \MotorEncoder1/counter_reg[8]  is always disabled
WARNING: [Synth 8-264] enable of latch \MotorEncoder2/counter_reg[7]  is always disabled
WARNING: [Synth 8-264] enable of latch \MotorEncoder2/counter_reg[7]  is always disabled
WARNING: [Synth 8-264] enable of latch \MotorEncoder1/counter_reg[7]  is always disabled
WARNING: [Synth 8-264] enable of latch \MotorEncoder1/counter_reg[7]  is always disabled
WARNING: [Synth 8-264] enable of latch \MotorEncoder2/counter_reg[6]  is always disabled
WARNING: [Synth 8-264] enable of latch \MotorEncoder2/counter_reg[6]  is always disabled
WARNING: [Synth 8-264] enable of latch \MotorEncoder1/counter_reg[6]  is always disabled
WARNING: [Synth 8-264] enable of latch \MotorEncoder1/counter_reg[6]  is always disabled
WARNING: [Synth 8-264] enable of latch \MotorEncoder2/counter_reg[5]  is always disabled
WARNING: [Synth 8-264] enable of latch \MotorEncoder2/counter_reg[5]  is always disabled
WARNING: [Synth 8-264] enable of latch \MotorEncoder1/counter_reg[5]  is always disabled
WARNING: [Synth 8-264] enable of latch \MotorEncoder1/counter_reg[5]  is always disabled
WARNING: [Synth 8-264] enable of latch \MotorEncoder2/counter_reg[4]  is always disabled
WARNING: [Synth 8-264] enable of latch \MotorEncoder2/counter_reg[4]  is always disabled
WARNING: [Synth 8-264] enable of latch \MotorEncoder1/counter_reg[4]  is always disabled
WARNING: [Synth 8-264] enable of latch \MotorEncoder1/counter_reg[4]  is always disabled
WARNING: [Synth 8-264] enable of latch \MotorEncoder2/counter_reg[3]  is always disabled
WARNING: [Synth 8-264] enable of latch \MotorEncoder2/counter_reg[3]  is always disabled
WARNING: [Synth 8-264] enable of latch \MotorEncoder1/counter_reg[3]  is always disabled
WARNING: [Synth 8-264] enable of latch \MotorEncoder1/counter_reg[3]  is always disabled
WARNING: [Synth 8-264] enable of latch \MotorEncoder2/counter_reg[2]  is always disabled
WARNING: [Synth 8-264] enable of latch \MotorEncoder2/counter_reg[2]  is always disabled
WARNING: [Synth 8-264] enable of latch \MotorEncoder1/counter_reg[2]  is always disabled
WARNING: [Synth 8-264] enable of latch \MotorEncoder1/counter_reg[2]  is always disabled
WARNING: [Synth 8-264] enable of latch \MotorEncoder2/counter_reg[1]  is always disabled
WARNING: [Synth 8-264] enable of latch \MotorEncoder2/counter_reg[1]  is always disabled
WARNING: [Synth 8-264] enable of latch \MotorEncoder1/counter_reg[1]  is always disabled
WARNING: [Synth 8-264] enable of latch \MotorEncoder1/counter_reg[1]  is always disabled
WARNING: [Synth 8-264] enable of latch \MotorEncoder2/counter_reg[0]  is always disabled
WARNING: [Synth 8-264] enable of latch \MotorEncoder2/counter_reg[0]  is always disabled
WARNING: [Synth 8-264] enable of latch \MotorEncoder1/counter_reg[0]  is always disabled
WARNING: [Synth 8-264] enable of latch \MotorEncoder1/counter_reg[0]  is always disabled
WARNING: [Synth 8-264] enable of latch \MotorEncoder2/counter_reg[10]  is always disabled
WARNING: [Synth 8-264] enable of latch \MotorEncoder2/counter_reg[10]  is always disabled
WARNING: [Synth 8-264] enable of latch \MotorEncoder1/counter_reg[10]  is always disabled
WARNING: [Synth 8-264] enable of latch \MotorEncoder1/counter_reg[10]  is always disabled
WARNING: [Synth 8-264] enable of latch \MotorEncoder2/counter_reg[9]  is always disabled
WARNING: [Synth 8-264] enable of latch \MotorEncoder2/counter_reg[9]  is always disabled
WARNING: [Synth 8-264] enable of latch \MotorEncoder1/counter_reg[9]  is always disabled
WARNING: [Synth 8-264] enable of latch \MotorEncoder1/counter_reg[9]  is always disabled
WARNING: [Synth 8-264] enable of latch \MotorEncoder2/counter_reg[8]  is always disabled
WARNING: [Synth 8-264] enable of latch \MotorEncoder2/counter_reg[8]  is always disabled
WARNING: [Synth 8-264] enable of latch \MotorEncoder1/counter_reg[8]  is always disabled
WARNING: [Synth 8-264] enable of latch \MotorEncoder1/counter_reg[8]  is always disabled
WARNING: [Synth 8-264] enable of latch \MotorEncoder2/counter_reg[7]  is always disabled
WARNING: [Synth 8-264] enable of latch \MotorEncoder2/counter_reg[7]  is always disabled
WARNING: [Synth 8-264] enable of latch \MotorEncoder1/counter_reg[7]  is always disabled
WARNING: [Synth 8-264] enable of latch \MotorEncoder1/counter_reg[7]  is always disabled
WARNING: [Synth 8-264] enable of latch \MotorEncoder2/counter_reg[6]  is always disabled
WARNING: [Synth 8-264] enable of latch \MotorEncoder2/counter_reg[6]  is always disabled
WARNING: [Synth 8-264] enable of latch \MotorEncoder1/counter_reg[6]  is always disabled
WARNING: [Synth 8-264] enable of latch \MotorEncoder1/counter_reg[6]  is always disabled
WARNING: [Synth 8-264] enable of latch \MotorEncoder2/counter_reg[5]  is always disabled
WARNING: [Synth 8-264] enable of latch \MotorEncoder2/counter_reg[5]  is always disabled
WARNING: [Synth 8-264] enable of latch \MotorEncoder1/counter_reg[5]  is always disabled
WARNING: [Synth 8-264] enable of latch \MotorEncoder1/counter_reg[5]  is always disabled
WARNING: [Synth 8-264] enable of latch \MotorEncoder2/counter_reg[4]  is always disabled
WARNING: [Synth 8-264] enable of latch \MotorEncoder2/counter_reg[4]  is always disabled
WARNING: [Synth 8-264] enable of latch \MotorEncoder1/counter_reg[4]  is always disabled
WARNING: [Synth 8-264] enable of latch \MotorEncoder1/counter_reg[4]  is always disabled
WARNING: [Synth 8-264] enable of latch \MotorEncoder2/counter_reg[3]  is always disabled
WARNING: [Synth 8-264] enable of latch \MotorEncoder2/counter_reg[3]  is always disabled
WARNING: [Synth 8-264] enable of latch \MotorEncoder1/counter_reg[3]  is always disabled
WARNING: [Synth 8-264] enable of latch \MotorEncoder1/counter_reg[3]  is always disabled
WARNING: [Synth 8-264] enable of latch \MotorEncoder2/counter_reg[2]  is always disabled
WARNING: [Synth 8-264] enable of latch \MotorEncoder2/counter_reg[2]  is always disabled
WARNING: [Synth 8-264] enable of latch \MotorEncoder1/counter_reg[2]  is always disabled
WARNING: [Synth 8-264] enable of latch \MotorEncoder1/counter_reg[2]  is always disabled
WARNING: [Synth 8-264] enable of latch \MotorEncoder2/counter_reg[1]  is always disabled
WARNING: [Synth 8-264] enable of latch \MotorEncoder2/counter_reg[1]  is always disabled
WARNING: [Synth 8-264] enable of latch \MotorEncoder1/counter_reg[1]  is always disabled
WARNING: [Synth 8-264] enable of latch \MotorEncoder1/counter_reg[1]  is always disabled
WARNING: [Synth 8-264] enable of latch \MotorEncoder2/counter_reg[0]  is always disabled
WARNING: [Synth 8-264] enable of latch \MotorEncoder2/counter_reg[0]  is always disabled
WARNING: [Synth 8-264] enable of latch \MotorEncoder1/counter_reg[0]  is always disabled
WARNING: [Synth 8-264] enable of latch \MotorEncoder1/counter_reg[0]  is always disabled
WARNING: [Synth 8-3332] Sequential element (MotorEncoder1/direction_reg) is unused and will be removed from module STANDARD_TOPLEVEL.
WARNING: [Synth 8-3332] Sequential element (MotorEncoder1/A_prev_reg) is unused and will be removed from module STANDARD_TOPLEVEL.
WARNING: [Synth 8-3332] Sequential element (MotorEncoder1/B_prev_reg) is unused and will be removed from module STANDARD_TOPLEVEL.
WARNING: [Synth 8-3332] Sequential element (MotorEncoder1/data_def_reg) is unused and will be removed from module STANDARD_TOPLEVEL.
WARNING: [Synth 8-3332] Sequential element (MotorEncoder2/direction_reg) is unused and will be removed from module STANDARD_TOPLEVEL.
WARNING: [Synth 8-3332] Sequential element (MotorEncoder2/A_prev_reg) is unused and will be removed from module STANDARD_TOPLEVEL.
WARNING: [Synth 8-3332] Sequential element (MotorEncoder2/B_prev_reg) is unused and will be removed from module STANDARD_TOPLEVEL.
WARNING: [Synth 8-3332] Sequential element (MotorEncoder2/data_def_reg) is unused and will be removed from module STANDARD_TOPLEVEL.
WARNING: [Synth 8-264] enable of latch \MotorEncoder2/counter_reg[10]  is always disabled
WARNING: [Synth 8-264] enable of latch \MotorEncoder2/counter_reg[10]  is always disabled
WARNING: [Synth 8-264] enable of latch \MotorEncoder1/counter_reg[10]  is always disabled
WARNING: [Synth 8-264] enable of latch \MotorEncoder1/counter_reg[10]  is always disabled
WARNING: [Synth 8-264] enable of latch \MotorEncoder2/counter_reg[9]  is always disabled
WARNING: [Synth 8-264] enable of latch \MotorEncoder2/counter_reg[9]  is always disabled
WARNING: [Synth 8-264] enable of latch \MotorEncoder1/counter_reg[9]  is always disabled
WARNING: [Synth 8-264] enable of latch \MotorEncoder1/counter_reg[9]  is always disabled
WARNING: [Synth 8-264] enable of latch \MotorEncoder2/counter_reg[8]  is always disabled
WARNING: [Synth 8-264] enable of latch \MotorEncoder2/counter_reg[8]  is always disabled
WARNING: [Synth 8-264] enable of latch \MotorEncoder1/counter_reg[8]  is always disabled
WARNING: [Synth 8-264] enable of latch \MotorEncoder1/counter_reg[8]  is always disabled
INFO: [Common 17-14] Message 'Synth 8-264' appears 100 times and further instances of the messages will be disabled. Use the Tcl command set_msg_config to change the current settings.
---------------------------------------------------------------------------------
Finished Cross Boundary and Area Optimization : Time (s): cpu = 00:00:32 ; elapsed = 00:00:34 . Memory (MB): peak = 1008.551 ; gain = 407.023
---------------------------------------------------------------------------------

Report RTL Partitions: 
+-+--------------+------------+----------+
| |RTL Partition |Replication |Instances |
+-+--------------+------------+----------+
+-+--------------+------------+----------+
---------------------------------------------------------------------------------
Start Applying XDC Timing Constraints
---------------------------------------------------------------------------------
---------------------------------------------------------------------------------
Finished Applying XDC Timing Constraints : Time (s): cpu = 00:00:46 ; elapsed = 00:00:48 . Memory (MB): peak = 1008.551 ; gain = 407.023
---------------------------------------------------------------------------------
---------------------------------------------------------------------------------
Start Timing Optimization
---------------------------------------------------------------------------------
---------------------------------------------------------------------------------
Finished Timing Optimization : Time (s): cpu = 00:00:46 ; elapsed = 00:00:48 . Memory (MB): peak = 1011.742 ; gain = 410.215
---------------------------------------------------------------------------------

Report RTL Partitions: 
+-+--------------+------------+----------+
| |RTL Partition |Replication |Instances |
+-+--------------+------------+----------+
+-+--------------+------------+----------+
---------------------------------------------------------------------------------
Start Technology Mapping
---------------------------------------------------------------------------------
WARNING: [Synth 8-3332] Sequential element (MotorEncoder1/counter_reg[10]) is unused and will be removed from module STANDARD_TOPLEVEL.
WARNING: [Synth 8-3332] Sequential element (MotorEncoder1/counter_reg[9]) is unused and will be removed from module STANDARD_TOPLEVEL.
WARNING: [Synth 8-3332] Sequential element (MotorEncoder1/counter_reg[8]) is unused and will be removed from module STANDARD_TOPLEVEL.
WARNING: [Synth 8-3332] Sequential element (MotorEncoder1/counter_reg[7]) is unused and will be removed from module STANDARD_TOPLEVEL.
WARNING: [Synth 8-3332] Sequential element (MotorEncoder1/counter_reg[6]) is unused and will be removed from module STANDARD_TOPLEVEL.
WARNING: [Synth 8-3332] Sequential element (MotorEncoder1/counter_reg[5]) is unused and will be removed from module STANDARD_TOPLEVEL.
WARNING: [Synth 8-3332] Sequential element (MotorEncoder1/counter_reg[4]) is unused and will be removed from module STANDARD_TOPLEVEL.
WARNING: [Synth 8-3332] Sequential element (MotorEncoder1/counter_reg[3]) is unused and will be removed from module STANDARD_TOPLEVEL.
WARNING: [Synth 8-3332] Sequential element (MotorEncoder1/counter_reg[2]) is unused and will be removed from module STANDARD_TOPLEVEL.
WARNING: [Synth 8-3332] Sequential element (MotorEncoder1/counter_reg[1]) is unused and will be removed from module STANDARD_TOPLEVEL.
WARNING: [Synth 8-3332] Sequential element (MotorEncoder1/counter_reg[0]) is unused and will be removed from module STANDARD_TOPLEVEL.
WARNING: [Synth 8-3332] Sequential element (MotorEncoder2/counter_reg[10]) is unused and will be removed from module STANDARD_TOPLEVEL.
WARNING: [Synth 8-3332] Sequential element (MotorEncoder2/counter_reg[9]) is unused and will be removed from module STANDARD_TOPLEVEL.
WARNING: [Synth 8-3332] Sequential element (MotorEncoder2/counter_reg[8]) is unused and will be removed from module STANDARD_TOPLEVEL.
WARNING: [Synth 8-3332] Sequential element (MotorEncoder2/counter_reg[7]) is unused and will be removed from module STANDARD_TOPLEVEL.
WARNING: [Synth 8-3332] Sequential element (MotorEncoder2/counter_reg[6]) is unused and will be removed from module STANDARD_TOPLEVEL.
WARNING: [Synth 8-3332] Sequential element (MotorEncoder2/counter_reg[5]) is unused and will be removed from module STANDARD_TOPLEVEL.
WARNING: [Synth 8-3332] Sequential element (MotorEncoder2/counter_reg[4]) is unused and will be removed from module STANDARD_TOPLEVEL.
WARNING: [Synth 8-3332] Sequential element (MotorEncoder2/counter_reg[3]) is unused and will be removed from module STANDARD_TOPLEVEL.
WARNING: [Synth 8-3332] Sequential element (MotorEncoder2/counter_reg[2]) is unused and will be removed from module STANDARD_TOPLEVEL.
WARNING: [Synth 8-3332] Sequential element (MotorEncoder2/counter_reg[1]) is unused and will be removed from module STANDARD_TOPLEVEL.
WARNING: [Synth 8-3332] Sequential element (MotorEncoder2/counter_reg[0]) is unused and will be removed from module STANDARD_TOPLEVEL.
---------------------------------------------------------------------------------
Finished Technology Mapping : Time (s): cpu = 00:00:46 ; elapsed = 00:00:48 . Memory (MB): peak = 1012.895 ; gain = 411.367
---------------------------------------------------------------------------------

Report RTL Partitions: 
+-+--------------+------------+----------+
| |RTL Partition |Replication |Instances |
+-+--------------+------------+----------+
+-+--------------+------------+----------+
---------------------------------------------------------------------------------
Start IO Insertion
---------------------------------------------------------------------------------
---------------------------------------------------------------------------------
Start Flattening Before IO Insertion
---------------------------------------------------------------------------------
---------------------------------------------------------------------------------
Finished Flattening Before IO Insertion
---------------------------------------------------------------------------------
---------------------------------------------------------------------------------
Start Final Netlist Cleanup
---------------------------------------------------------------------------------
---------------------------------------------------------------------------------
Finished Final Netlist Cleanup
---------------------------------------------------------------------------------
---------------------------------------------------------------------------------
Finished IO Insertion : Time (s): cpu = 00:00:51 ; elapsed = 00:00:53 . Memory (MB): peak = 1018.676 ; gain = 417.148
---------------------------------------------------------------------------------
---------------------------------------------------------------------------------
Start Renaming Generated Instances
---------------------------------------------------------------------------------
---------------------------------------------------------------------------------
Finished Renaming Generated Instances : Time (s): cpu = 00:00:51 ; elapsed = 00:00:53 . Memory (MB): peak = 1018.676 ; gain = 417.148
---------------------------------------------------------------------------------

Report RTL Partitions: 
+-+--------------+------------+----------+
| |RTL Partition |Replication |Instances |
+-+--------------+------------+----------+
+-+--------------+------------+----------+

Report Check Netlist: 
+------+------------------+-------+---------+-------+------------------+
|      |Item              |Errors |Warnings |Status |Description       |
+------+------------------+-------+---------+-------+------------------+
|1     |multi_driven_nets |      0|        0|Passed |Multi driven nets |
+------+------------------+-------+---------+-------+------------------+
---------------------------------------------------------------------------------
Start Rebuilding User Hierarchy
---------------------------------------------------------------------------------
---------------------------------------------------------------------------------
Finished Rebuilding User Hierarchy : Time (s): cpu = 00:00:51 ; elapsed = 00:00:53 . Memory (MB): peak = 1018.676 ; gain = 417.148
---------------------------------------------------------------------------------
---------------------------------------------------------------------------------
Start Renaming Generated Ports
---------------------------------------------------------------------------------
---------------------------------------------------------------------------------
Finished Renaming Generated Ports : Time (s): cpu = 00:00:51 ; elapsed = 00:00:53 . Memory (MB): peak = 1018.676 ; gain = 417.148
---------------------------------------------------------------------------------
---------------------------------------------------------------------------------
Start Handling Custom Attributes
---------------------------------------------------------------------------------
---------------------------------------------------------------------------------
Finished Handling Custom Attributes : Time (s): cpu = 00:00:51 ; elapsed = 00:00:53 . Memory (MB): peak = 1018.676 ; gain = 417.148
---------------------------------------------------------------------------------
---------------------------------------------------------------------------------
Start Renaming Generated Nets
---------------------------------------------------------------------------------
---------------------------------------------------------------------------------
Finished Renaming Generated Nets : Time (s): cpu = 00:00:51 ; elapsed = 00:00:53 . Memory (MB): peak = 1018.676 ; gain = 417.148
---------------------------------------------------------------------------------
---------------------------------------------------------------------------------
Start Writing Synthesis Report
---------------------------------------------------------------------------------

Report BlackBoxes: 
+-+--------------+----------+
| |BlackBox name |Instances |
+-+--------------+----------+
+-+--------------+----------+

Report Cell Usage: 
+------+-------+------+
|      |Cell   |Count |
+------+-------+------+
|1     |BUFG   |     3|
|2     |CARRY4 |     6|
|3     |LUT1   |     5|
|4     |LUT2   |    20|
|5     |LUT3   |     3|
|6     |LUT4   |    34|
|7     |LUT5   |    15|
|8     |LUT6   |     5|
|9     |FDPE   |     4|
|10    |FDRE   |    52|
|11    |LD     |    20|
|12    |IBUF   |     6|
|13    |OBUF   |     6|
|14    |OBUFT  |     1|
+------+-------+------+

Report Instance Areas: 
+------+------------------+-------------+------+
|      |Instance          |Module       |Cells |
+------+------------------+-------------+------+
|1     |top               |             |   180|
|2     |  PWM_ControllerA |PWM_Module   |    49|
|3     |  PWM_ControllerB |PWM_Module_0 |    49|
|4     |  SPI_SL          |slave        |    46|
+------+------------------+-------------+------+
---------------------------------------------------------------------------------
Finished Writing Synthesis Report : Time (s): cpu = 00:00:51 ; elapsed = 00:00:53 . Memory (MB): peak = 1018.676 ; gain = 417.148
---------------------------------------------------------------------------------
Synthesis finished with 0 errors, 0 critical warnings and 426 warnings.
Synthesis Optimization Runtime : Time (s): cpu = 00:00:34 ; elapsed = 00:00:51 . Memory (MB): peak = 1018.676 ; gain = 316.293
Synthesis Optimization Complete : Time (s): cpu = 00:00:52 ; elapsed = 00:00:54 . Memory (MB): peak = 1018.676 ; gain = 417.148
INFO: [Project 1-571] Translating synthesized netlist
Netlist sorting complete. Time (s): cpu = 00:00:00 ; elapsed = 00:00:00.003 . Memory (MB): peak = 1018.676 ; gain = 0.000
INFO: [Netlist 29-17] Analyzing 26 Unisim elements for replacement
INFO: [Netlist 29-28] Unisim Transformation completed in 0 CPU seconds
INFO: [Project 1-570] Preparing netlist for logic optimization
INFO: [Opt 31-138] Pushed 1 inverter(s) to 10 load pin(s).
Netlist sorting complete. Time (s): cpu = 00:00:00 ; elapsed = 00:00:00 . Memory (MB): peak = 1025.801 ; gain = 0.000
INFO: [Project 1-111] Unisim Transformation Summary:
  A total of 20 instances were transformed.
  LD => LDCE: 10 instances
  LD => LDCE (inverted pins: G): 10 instances

INFO: [Common 17-83] Releasing license: Synthesis
31 Infos, 165 Warnings, 7 Critical Warnings and 0 Errors encountered.
synth_design completed successfully
synth_design: Time (s): cpu = 00:01:00 ; elapsed = 00:01:03 . Memory (MB): peak = 1025.801 ; gain = 720.438
Netlist sorting complete. Time (s): cpu = 00:00:00 ; elapsed = 00:00:00.001 . Memory (MB): peak = 1025.801 ; gain = 0.000
WARNING: [Constraints 18-5210] No constraints selected for write.
Resolution: This message can indicate that there are no constraints for the design, or it can indicate that the used_in flags are set such that the constraints are ignored. This later case is used when running synth_design to not write synthesis constraints to the resulting checkpoint. Instead, project constraints are read when the synthesized design is opened.
INFO: [Common 17-1381] The checkpoint 'C:/Users/Thobi/CloudStation/Thobias/UNI/4.Semester/Digital_Porgrammerbar_Elektronik/vivado/Projekt_4_Basys3/Projekt_4_Basys3.runs/synth_1/STANDARD_TOPLEVEL.dcp' has been generated.
INFO: [runtcl-4] Executing : report_utilization -file STANDARD_TOPLEVEL_utilization_synth.rpt -pb STANDARD_TOPLEVEL_utilization_synth.pb
INFO: [Common 17-206] Exiting Vivado at Thu May  7 10:17:13 2020...
