#-----------------------------------------------------------
# Vivado v2019.2 (64-bit)
# SW Build 2708876 on Wed Nov  6 21:40:23 MST 2019
# IP Build 2700528 on Thu Nov  7 00:09:20 MST 2019
# Start of session at: Tue Apr  7 11:22:01 2020
# Process ID: 1860
# Current directory: C:/Users/Thobi/CloudStation/Thobias/UNI/4.Semester/Digital_Porgrammerbar_Elektronik/vivado/Projekt_4_Basys3/Projekt_4_Basys3.sim/sim_1/behav/xsim
# Command line: vivado.exe -gui_launcher_event rodinguilauncherevent4624 C:\Users\Thobi\CloudStation\Thobias\UNI\4.Semester\Digital_Porgrammerbar_Elektronik\vivado\Projekt_4_Basys3\Projekt_4_Basys3.sim\sim_1\behav\xsim\tb_PWM_Module_behav.wdb
# Log file: C:/Users/Thobi/CloudStation/Thobias/UNI/4.Semester/Digital_Porgrammerbar_Elektronik/vivado/Projekt_4_Basys3/Projekt_4_Basys3.sim/sim_1/behav/xsim/vivado.log
# Journal file: C:/Users/Thobi/CloudStation/Thobias/UNI/4.Semester/Digital_Porgrammerbar_Elektronik/vivado/Projekt_4_Basys3/Projekt_4_Basys3.sim/sim_1/behav/xsim\vivado.jou
#-----------------------------------------------------------
start_gui
open_wave_database {C:\Users\Thobi\CloudStation\Thobias\UNI\4.Semester\Digital_Porgrammerbar_Elektronik\vivado\Projekt_4_Basys3\Projekt_4_Basys3.sim\sim_1\behav\xsim\tb_PWM_Module_behav.wdb}
INFO: [IP_Flow 19-234] Refreshing IP repositories
INFO: [IP_Flow 19-1704] No user IP repositories specified
INFO: [IP_Flow 19-2313] Loaded Vivado IP repository 'C:/Xilinx/Vivado/2019.2/data/ip'.
current_fileset: Time (s): cpu = 00:00:20 ; elapsed = 00:00:10 . Memory (MB): peak = 728.371 ; gain = 96.270
open_wave_database: Time (s): cpu = 00:00:27 ; elapsed = 00:00:12 . Memory (MB): peak = 754.648 ; gain = 122.547
close_sim
INFO: [Simtcl 6-16] Simulation closed
exit
INFO: [Common 17-206] Exiting Vivado at Tue Apr  7 11:22:53 2020...
